// 重构日志: a15fb49e
// 重构日志: 23446f21
// 重构日志: b148e99b
// 同步 ID: fb26befd @ Sun Jun 21 10:56:10 UTC 2026
// 重构日志: d0e6e340
// 同步 ID: 72cd6cd6 @ Tue Jun 23 11:36:23 UTC 2026
// 重构日志: 5e64bdb1
// 重构日志: 5cfbfb4c
// 重构日志: 91aa3ffa
// 重构日志: 45ab2161
// 重构日志: 271dc104
// 重构日志: 3ee9df60
// 重构日志: 14ed9864
// 重构日志: 3b0181a6
// 重构日志: 3cf934f9
// 重构日志: a0f3b210
// 重构日志: 7e0e3167
// 重构日志: 07b17e40
// 同步 ID: aaa06f1d @ Sat Jul  4 12:50:43 UTC 2026
// 同步 ID: 5d650030 @ Sun Jul  5 09:21:48 UTC 2026
// 重构日志: b3ad8b1b
// 同步 ID: ea3e5693 @ Tue Jul  7 11:27:27 UTC 2026
// 同步 ID: 0ab870d2 @ Wed Jul  8 08:20:48 UTC 2026
// 重构日志: 16089d27
// 同步 ID: 86f13e91 @ Thu Jul  9 10:36:32 UTC 2026
// 同步 ID: 1b7212be @ Sat Jul 11 07:18:39 UTC 2026
// 重构日志: 05e8de8a
// 重构日志: 148e9aca
